error: Se cayo el server 🥪 
error: Se cayo el server 🥪 
fatal: Se pudrio todo!
fatal: Se pudrio todo!
error: Faltan Datos
error: Faltan Datos
error: Faltan Datos
error: Faltan Datos
error: Faltan Datos
error: Se cayo el server 🥪 
error: User No Logeado
error: undefined
error: undefined
error: undefined
error: Se cayo el server 🥪 
fatal: Se pudrio todo!
fatal: Se pudrio todo!
error: User No Logeado
error: User No Logeado
error: Se cayo el server 🥪 
fatal: Se pudrio todo!
fatal: Se pudrio todo!
error: Se cayo el server 🥪 
fatal: Se pudrio todo!
fatal: Se pudrio todo!
error: undefined
error: User No Logeado
error: User No Logeado
error: undefined
error: undefined
error: errorTEST
error: No Owner
error: User No Logeado
error: User No Logeado
error: undefined {"code":"ERR_HTTP_HEADERS_SENT"}
error: undefined {"code":"ERR_HTTP_HEADERS_SENT"}
error: undefined {"code":"ERR_HTTP_HEADERS_SENT"}
error: undefined {"code":"ERR_HTTP_HEADERS_SENT"}
error: User No Logeado
error: User No Logeado
